<?xml version="1.0" encoding="UTF-8"?>
<testng-results ignored="0" total="1" passed="1" failed="0" skipped="0">
  <reporter-output>
  </reporter-output>
  <suite started-at="2021-07-05T08:59:32 IST" name="Default suite" finished-at="2021-07-05T09:00:02 IST" duration-ms="29612">
    <groups>
    </groups>
    <test started-at="2021-07-05T08:59:32 IST" name="Default test" finished-at="2021-07-05T09:00:02 IST" duration-ms="29612">
      <class name="qa.flipkart.Flipkartpage">
        <test-method signature="NaviagteToSearch()[pri:1, instance:qa.flipkart.Flipkartpage@76f2bbc1]" started-at="2021-07-05T08:59:32 IST" name="NaviagteToSearch" finished-at="2021-07-05T09:00:02 IST" duration-ms="29518" status="PASS">
          <reporter-output>
          </reporter-output>
        </test-method> <!-- NaviagteToSearch -->
      </class> <!-- qa.flipkart.Flipkartpage -->
    </test> <!-- Default test -->
  </suite> <!-- Default suite -->
</testng-results>
